# JRE version: Java(TM) SE Runtime Environment (8.0_221-b11) (build 1.8.0_221-b11)
# Java VM: Java HotSpot(TM) 64-Bit Server VM (25.221-b11 mixed mode windows-amd64 compressed oops)
Heap:
 PSYoungGen      total 155648K, used 129361K [0x00000000f5580000, 0x0000000100000000, 0x0000000100000000)
  eden space 138752K, 81% used [0x00000000f5580000,0x00000000fc37ba20,0x00000000fdd00000)
  from space 16896K, 99% used [0x00000000fdd00000,0x00000000fed58a20,0x00000000fed80000)
  to   space 18944K, 0% used [0x00000000fed80000,0x00000000fed80000,0x0000000100000000)
 ParOldGen       total 233472K, used 28771K [0x00000000e0000000, 0x00000000ee400000, 0x00000000f5580000)
  object space 233472K, 12% used [0x00000000e0000000,0x00000000e1c18f98,0x00000000ee400000)
 Metaspace       used 64908K, capacity 67690K, committed 67888K, reserved 1107968K
  class space    used 8937K, capacity 9692K, committed 9776K, reserved 1048576K
GC Heap History (10 events):
Event: 42.410 GC heap before
{Heap before GC invocations=10 (full 2):
 PSYoungGen      total 102912K, used 88815K [0x00000000f5580000, 0x00000000ff500000, 0x0000000100000000)
  eden space 89088K, 99% used [0x00000000f5580000,0x00000000fac3bca0,0x00000000fac80000)
  from space 13824K, 0% used [0x00000000fac80000,0x00000000fac80000,0x00000000fba00000)
  to   space 13312K, 0% used [0x00000000fe800000,0x00000000fe800000,0x00000000ff500000)
 ParOldGen       total 175104K, used 16863K [0x00000000e0000000, 0x00000000eab00000, 0x00000000f5580000)
  object space 175104K, 9% used [0x00000000e0000000,0x00000000e1077e08,0x00000000eab00000)
 Metaspace       used 44457K, capacity 45456K, committed 45616K, reserved 1089536K
  class space    used 6084K, capacity 6441K, committed 6448K, reserved 1048576K
Event: 42.434 GC heap after
Heap after GC invocations=10 (full 2):
 PSYoungGen      total 148992K, used 12897K [0x00000000f5580000, 0x00000000ff980000, 0x0000000100000000)
  eden space 135680K, 0% used [0x00000000f5580000,0x00000000f5580000,0x00000000fda00000)
  from space 13312K, 96% used [0x00000000fe800000,0x00000000ff498540,0x00000000ff500000)
  to   space 14336K, 0% used [0x00000000fda00000,0x00000000fda00000,0x00000000fe800000)
 ParOldGen       total 175104K, used 16871K [0x00000000e0000000, 0x00000000eab00000, 0x00000000f5580000)
  object space 175104K, 9% used [0x00000000e0000000,0x00000000e1079e08,0x00000000eab00000)
 Metaspace       used 44457K, capacity 45456K, committed 45616K, reserved 1089536K
  class space    used 6084K, capacity 6441K, committed 6448K, reserved 1048576K
}
Event: 49.311 GC heap before
{Heap before GC invocations=11 (full 2):
 PSYoungGen      total 148992K, used 148577K [0x00000000f5580000, 0x00000000ff980000, 0x0000000100000000)
  eden space 135680K, 100% used [0x00000000f5580000,0x00000000fda00000,0x00000000fda00000)
  from space 13312K, 96% used [0x00000000fe800000,0x00000000ff498540,0x00000000ff500000)
  to   space 14336K, 0% used [0x00000000fda00000,0x00000000fda00000,0x00000000fe800000)
 ParOldGen       total 175104K, used 16871K [0x00000000e0000000, 0x00000000eab00000, 0x00000000f5580000)
  object space 175104K, 9% used [0x00000000e0000000,0x00000000e1079e08,0x00000000eab00000)
 Metaspace       used 56247K, capacity 57610K, committed 57776K, reserved 1099776K
  class space    used 7672K, capacity 8079K, committed 8112K, reserved 1048576K
Event: 49.361 GC heap after
Heap after GC invocations=11 (full 2):
 PSYoungGen      total 150016K, used 14326K [0x00000000f5580000, 0x0000000100000000, 0x0000000100000000)
  eden space 135680K, 0% used [0x00000000f5580000,0x00000000f5580000,0x00000000fda00000)
  from space 14336K, 99% used [0x00000000fda00000,0x00000000fe7fda70,0x00000000fe800000)
  to   space 17920K, 0% used [0x00000000fee80000,0x00000000fee80000,0x0000000100000000)
 ParOldGen       total 175104K, used 21733K [0x00000000e0000000, 0x00000000eab00000, 0x00000000f5580000)
  object space 175104K, 12% used [0x00000000e0000000,0x00000000e1539778,0x00000000eab00000)
 Metaspace       used 56247K, capacity 57610K, committed 57776K, reserved 1099776K
  class space    used 7672K, capacity 8079K, committed 8112K, reserved 1048576K
}
Event: 49.935 GC heap before
{Heap before GC invocations=12 (full 2):
 PSYoungGen      total 150016K, used 29807K [0x00000000f5580000, 0x0000000100000000, 0x0000000100000000)
  eden space 135680K, 11% used [0x00000000f5580000,0x00000000f649e4d8,0x00000000fda00000)
  from space 14336K, 99% used [0x00000000fda00000,0x00000000fe7fda70,0x00000000fe800000)
  to   space 17920K, 0% used [0x00000000fee80000,0x00000000fee80000,0x0000000100000000)
 ParOldGen       total 175104K, used 21733K [0x00000000e0000000, 0x00000000eab00000, 0x00000000f5580000)
  object space 175104K, 12% used [0x00000000e0000000,0x00000000e1539778,0x00000000eab00000)
 Metaspace       used 57547K, capacity 59090K, committed 59160K, reserved 1099776K
  class space    used 7888K, capacity 8329K, committed 8368K, reserved 1048576K
Event: 49.979 GC heap after
Heap after GC invocations=12 (full 2):
 PSYoungGen      total 156672K, used 12620K [0x00000000f5580000, 0x0000000100000000, 0x0000000100000000)
  eden space 138752K, 0% used [0x00000000f5580000,0x00000000f5580000,0x00000000fdd00000)
  from space 17920K, 70% used [0x00000000fee80000,0x00000000ffad32e0,0x0000000100000000)
  to   space 17920K, 0% used [0x00000000fdd00000,0x00000000fdd00000,0x00000000fee80000)
 ParOldGen       total 175104K, used 21805K [0x00000000e0000000, 0x00000000eab00000, 0x00000000f5580000)
  object space 175104K, 12% used [0x00000000e0000000,0x00000000e154b788,0x00000000eab00000)
 Metaspace       used 57547K, capacity 59090K, committed 59160K, reserved 1099776K
  class space    used 7888K, capacity 8329K, committed 8368K, reserved 1048576K
}
Event: 49.979 GC heap before
{Heap before GC invocations=13 (full 3):
 PSYoungGen      total 156672K, used 12620K [0x00000000f5580000, 0x0000000100000000, 0x0000000100000000)
  eden space 138752K, 0% used [0x00000000f5580000,0x00000000f5580000,0x00000000fdd00000)
  from space 17920K, 70% used [0x00000000fee80000,0x00000000ffad32e0,0x0000000100000000)
  to   space 17920K, 0% used [0x00000000fdd00000,0x00000000fdd00000,0x00000000fee80000)
 ParOldGen       total 175104K, used 21805K [0x00000000e0000000, 0x00000000eab00000, 0x00000000f5580000)
  object space 175104K, 12% used [0x00000000e0000000,0x00000000e154b788,0x00000000eab00000)
 Metaspace       used 57547K, capacity 59090K, committed 59160K, reserved 1099776K
  class space    used 7888K, capacity 8329K, committed 8368K, reserved 1048576K
Event: 50.771 GC heap after
Heap after GC invocations=13 (full 3):
 PSYoungGen      total 156672K, used 0K [0x00000000f5580000, 0x0000000100000000, 0x0000000100000000)
  eden space 138752K, 0% used [0x00000000f5580000,0x00000000f5580000,0x00000000fdd00000)
  from space 17920K, 0% used [0x00000000fee80000,0x00000000fee80000,0x0000000100000000)
  to   space 17920K, 0% used [0x00000000fdd00000,0x00000000fdd00000,0x00000000fee80000)
 ParOldGen       total 233472K, used 28763K [0x00000000e0000000, 0x00000000ee400000, 0x00000000f5580000)
  object space 233472K, 12% used [0x00000000e0000000,0x00000000e1c16f98,0x00000000ee400000)
 Metaspace       used 57547K, capacity 59090K, committed 59160K, reserved 1099776K
  class space    used 7888K, capacity 8329K, committed 8368K, reserved 1048576K
}
Event: 82.845 GC heap before
{Heap before GC invocations=14 (full 3):
 PSYoungGen      total 156672K, used 138752K [0x00000000f5580000, 0x0000000100000000, 0x0000000100000000)
  eden space 138752K, 100% used [0x00000000f5580000,0x00000000fdd00000,0x00000000fdd00000)
  from space 17920K, 0% used [0x00000000fee80000,0x00000000fee80000,0x0000000100000000)
  to   space 17920K, 0% used [0x00000000fdd00000,0x00000000fdd00000,0x00000000fee80000)
 ParOldGen       total 233472K, used 28763K [0x00000000e0000000, 0x00000000ee400000, 0x00000000f5580000)
  object space 233472K, 12% used [0x00000000e0000000,0x00000000e1c16f98,0x00000000ee400000)
 Metaspace       used 61679K, capacity 63988K, committed 64304K, reserved 1103872K
  class space    used 8510K, capacity 9159K, committed 9264K, reserved 1048576K
Event: 82.922 GC heap after
Heap after GC invocations=14 (full 3):
 PSYoungGen      total 155648K, used 16738K [0x00000000f5580000, 0x0000000100000000, 0x0000000100000000)
  eden space 138752K, 0% used [0x00000000f5580000,0x00000000f5580000,0x00000000fdd00000)
  from space 16896K, 99% used [0x00000000fdd00000,0x00000000fed58a20,0x00000000fed80000)
  to   space 18944K, 0% used [0x00000000fed80000,0x00000000fed80000,0x0000000100000000)
 ParOldGen       total 233472K, used 28771K [0x00000000e0000000, 0x00000000ee400000, 0x00000000f5580000)
  object space 233472K, 12% used [0x00000000e0000000,0x00000000e1c18f98,0x00000000ee400000)
 Metaspace       used 61679K, capacity 63988K, committed 64304K, reserved 1103872K
  class space    used 8510K, capacity 9159K, committed 9264K, reserved 1048576K
}

